<?xml version="1.0" encoding="UTF-8"?>
<testng-results ignored="0" total="2" passed="2" failed="0" skipped="0">
  <reporter-output>
  </reporter-output>
  <suite started-at="2022-04-05T15:03:52 IST" name="Suite" finished-at="2022-04-05T15:04:31 IST" duration-ms="39298">
    <groups>
    </groups>
    <test started-at="2022-04-05T15:03:52 IST" name="Test" finished-at="2022-04-05T15:04:31 IST" duration-ms="39298">
      <class name="test.TestHotelAppTest">
        <test-method is-config="true" signature="beforeMethod()[pri:0, instance:test.TestHotelAppTest@581ac8a8]" started-at="2022-04-05T15:04:08 IST" name="beforeMethod" finished-at="2022-04-05T15:04:08 IST" duration-ms="1" status="PASS">
          <reporter-output>
          </reporter-output>
        </test-method> <!-- beforeMethod -->
        <test-method signature="TestHotelApp()[pri:0, instance:test.TestHotelAppTest@581ac8a8]" started-at="2022-04-05T15:04:08 IST" name="TestHotelApp" finished-at="2022-04-05T15:04:18 IST" duration-ms="10628" status="PASS">
          <reporter-output>
          </reporter-output>
        </test-method> <!-- TestHotelApp -->
        <test-method is-config="true" signature="afterMethod()[pri:0, instance:test.TestHotelAppTest@581ac8a8]" started-at="2022-04-05T15:04:18 IST" name="afterMethod" finished-at="2022-04-05T15:04:19 IST" duration-ms="198" status="PASS">
          <reporter-output>
          </reporter-output>
        </test-method> <!-- afterMethod -->
      </class> <!-- test.TestHotelAppTest -->
      <class name="test.NewTest">
        <test-method is-config="true" signature="beforeTest()[pri:0, instance:test.NewTest@6fd83fc1]" started-at="2022-04-05T15:03:52 IST" name="beforeTest" finished-at="2022-04-05T15:04:08 IST" duration-ms="15907" status="PASS">
          <reporter-output>
          </reporter-output>
        </test-method> <!-- beforeTest -->
        <test-method signature="test1()[pri:0, instance:test.NewTest@6fd83fc1]" started-at="2022-04-05T15:04:19 IST" name="test1" finished-at="2022-04-05T15:04:31 IST" duration-ms="12036" status="PASS">
          <reporter-output>
          </reporter-output>
        </test-method> <!-- test1 -->
        <test-method is-config="true" signature="afterTest()[pri:0, instance:test.NewTest@6fd83fc1]" started-at="2022-04-05T15:04:31 IST" name="afterTest" finished-at="2022-04-05T15:04:31 IST" duration-ms="388" status="PASS">
          <reporter-output>
          </reporter-output>
        </test-method> <!-- afterTest -->
      </class> <!-- test.NewTest -->
    </test> <!-- Test -->
  </suite> <!-- Suite -->
</testng-results>
